<?xml version="1.0" encoding="UTF-8"?>
<testng-results ignored="0" total="3" passed="3" failed="0" skipped="0">
  <reporter-output>
  </reporter-output>
  <suite started-at="2022-11-02T07:37:34 IST" name="Suite" finished-at="2022-11-02T07:38:30 IST" duration-ms="55714">
    <groups>
    </groups>
    <test started-at="2022-11-02T07:37:34 IST" name="Test" finished-at="2022-11-02T07:38:30 IST" duration-ms="55714">
      <class name="com.supermarket_tests.LoginTest">
        <test-method is-config="true" signature="createReport(org.testng.ITestContext)[pri:0, instance:com.supermarket_tests.LoginTest@6436a7db]" started-at="2022-11-02T07:37:34 IST" name="createReport" finished-at="2022-11-02T07:37:34 IST" duration-ms="51" status="PASS">
          <params>
            <param index="0">
              <value>
                <![CDATA[org.testng.TestRunner@5b4954b2]]>
              </value>
            </param>
          </params>
          <reporter-output>
          </reporter-output>
        </test-method> <!-- createReport -->
        <test-method is-config="true" signature="beforeTest()[pri:0, instance:com.supermarket_tests.LoginTest@6436a7db]" started-at="2022-11-02T07:37:34 IST" name="beforeTest" finished-at="2022-11-02T07:37:34 IST" duration-ms="1" status="PASS">
          <reporter-output>
          </reporter-output>
        </test-method> <!-- beforeTest -->
        <test-method is-config="true" signature="beforeClass(java.lang.String)[pri:0, instance:com.supermarket_tests.LoginTest@6436a7db]" started-at="2022-11-02T07:37:34 IST" name="beforeClass" finished-at="2022-11-02T07:38:19 IST" duration-ms="44770" status="PASS">
          <params>
            <param index="0">
              <value>
                <![CDATA[chrome]]>
              </value>
            </param>
          </params>
          <reporter-output>
          </reporter-output>
        </test-method> <!-- beforeClass -->
        <test-method is-config="true" signature="beforeMethod()[pri:0, instance:com.supermarket_tests.LoginTest@6436a7db]" started-at="2022-11-02T07:38:19 IST" name="beforeMethod" finished-at="2022-11-02T07:38:19 IST" duration-ms="0" status="PASS">
          <reporter-output>
          </reporter-output>
        </test-method> <!-- beforeMethod -->
        <test-method signature="validateWithInvalidCredential(java.lang.String,java.lang.String)[pri:0, instance:com.supermarket_tests.LoginTest@6436a7db]" started-at="2022-11-02T07:38:19 IST" name="validateWithInvalidCredential" data-provider="loginData" finished-at="2022-11-02T07:38:22 IST" duration-ms="2574" status="PASS">
          <params>
            <param index="0">
              <value>
                <![CDATA[username]]>
              </value>
            </param>
            <param index="1">
              <value>
                <![CDATA[username]]>
              </value>
            </param>
          </params>
          <reporter-output>
          </reporter-output>
        </test-method> <!-- validateWithInvalidCredential -->
        <test-method is-config="true" signature="afterMethods(org.testng.ITestResult)[pri:0, instance:com.supermarket_tests.LoginTest@6436a7db]" started-at="2022-11-02T07:38:22 IST" name="afterMethods" finished-at="2022-11-02T07:38:22 IST" duration-ms="1" status="PASS">
          <params>
            <param index="0">
              <value>
                <![CDATA[[TestResult name=validateWithInvalidCredential status=SUCCESS method=LoginTest.validateWithInvalidCredential(java.lang.String,java.lang.String)[pri:0, instance:com.supermarket_tests.LoginTest@6436a7db] output={null}]]]>
              </value>
            </param>
          </params>
          <reporter-output>
          </reporter-output>
        </test-method> <!-- afterMethods -->
        <test-method is-config="true" signature="beforeMethod()[pri:0, instance:com.supermarket_tests.LoginTest@6436a7db]" started-at="2022-11-02T07:38:22 IST" name="beforeMethod" finished-at="2022-11-02T07:38:22 IST" duration-ms="0" status="PASS">
          <reporter-output>
          </reporter-output>
        </test-method> <!-- beforeMethod -->
        <test-method signature="validateWithInvalidCredential(java.lang.String,java.lang.String)[pri:0, instance:com.supermarket_tests.LoginTest@6436a7db]" started-at="2022-11-02T07:38:22 IST" name="validateWithInvalidCredential" data-provider="loginData" finished-at="2022-11-02T07:38:23 IST" duration-ms="1734" status="PASS">
          <params>
            <param index="0">
              <value>
                <![CDATA[password]]>
              </value>
            </param>
            <param index="1">
              <value>
                <![CDATA[password]]>
              </value>
            </param>
          </params>
          <reporter-output>
          </reporter-output>
        </test-method> <!-- validateWithInvalidCredential -->
        <test-method is-config="true" signature="afterMethods(org.testng.ITestResult)[pri:0, instance:com.supermarket_tests.LoginTest@6436a7db]" started-at="2022-11-02T07:38:23 IST" name="afterMethods" finished-at="2022-11-02T07:38:23 IST" duration-ms="1" status="PASS">
          <params>
            <param index="0">
              <value>
                <![CDATA[[TestResult name=validateWithInvalidCredential status=SUCCESS method=LoginTest.validateWithInvalidCredential(java.lang.String,java.lang.String)[pri:0, instance:com.supermarket_tests.LoginTest@6436a7db] output={null}]]]>
              </value>
            </param>
          </params>
          <reporter-output>
          </reporter-output>
        </test-method> <!-- afterMethods -->
        <test-method is-config="true" signature="beforeMethod()[pri:0, instance:com.supermarket_tests.LoginTest@6436a7db]" started-at="2022-11-02T07:38:23 IST" name="beforeMethod" finished-at="2022-11-02T07:38:23 IST" duration-ms="1" status="PASS">
          <reporter-output>
          </reporter-output>
        </test-method> <!-- beforeMethod -->
        <test-method signature="validateWithValidCredentials()[pri:0, instance:com.supermarket_tests.LoginTest@6436a7db]" started-at="2022-11-02T07:38:23 IST" name="validateWithValidCredentials" description="validate the login page with valid credentials" finished-at="2022-11-02T07:38:30 IST" duration-ms="6485" status="PASS">
          <reporter-output>
          </reporter-output>
        </test-method> <!-- validateWithValidCredentials -->
        <test-method is-config="true" signature="afterMethods(org.testng.ITestResult)[pri:0, instance:com.supermarket_tests.LoginTest@6436a7db]" started-at="2022-11-02T07:38:30 IST" name="afterMethods" finished-at="2022-11-02T07:38:30 IST" duration-ms="1" status="PASS">
          <params>
            <param index="0">
              <value>
                <![CDATA[[TestResult name=validateWithValidCredentials status=SUCCESS method=LoginTest.validateWithValidCredentials()[pri:0, instance:com.supermarket_tests.LoginTest@6436a7db] output={null}]]]>
              </value>
            </param>
          </params>
          <reporter-output>
          </reporter-output>
        </test-method> <!-- afterMethods -->
        <test-method is-config="true" signature="afterClass()[pri:0, instance:com.supermarket_tests.LoginTest@6436a7db]" started-at="2022-11-02T07:38:30 IST" name="afterClass" finished-at="2022-11-02T07:38:30 IST" duration-ms="3" status="PASS">
          <reporter-output>
          </reporter-output>
        </test-method> <!-- afterClass -->
        <test-method is-config="true" signature="afterTest()[pri:0, instance:com.supermarket_tests.LoginTest@6436a7db]" started-at="2022-11-02T07:38:30 IST" name="afterTest" finished-at="2022-11-02T07:38:30 IST" duration-ms="0" status="PASS">
          <reporter-output>
          </reporter-output>
        </test-method> <!-- afterTest -->
        <test-method is-config="true" signature="afterSuite()[pri:0, instance:com.supermarket_tests.LoginTest@6436a7db]" started-at="2022-11-02T07:38:32 IST" name="afterSuite" finished-at="2022-11-02T07:38:32 IST" duration-ms="2" status="PASS">
          <reporter-output>
          </reporter-output>
        </test-method> <!-- afterSuite -->
      </class> <!-- com.supermarket_tests.LoginTest -->
    </test> <!-- Test -->
  </suite> <!-- Suite -->
</testng-results>
