<?xml version="1.0" encoding="UTF-8"?>
<!-- Generated by org.testng.reporters.JUnitXMLReporter -->
<testsuite ignored="0" hostname="DESKTOP-4F8FUIK" failures="0" tests="3" name="Test" time="55.714" errors="0" timestamp="2022-11-02T07:38:32 IST">
  <testcase classname="com.supermarket_tests.LoginTest" name="validateWithInvalidCredential" time="2.574"/>
  <testcase classname="com.supermarket_tests.LoginTest" name="validateWithInvalidCredential" time="1.734"/>
  <testcase classname="com.supermarket_tests.LoginTest" name="validateWithValidCredentials" time="6.485"/>
</testsuite> <!-- Test -->
